<?xml version="1.0" encoding="UTF-8" ?>
<testsuite failures="0" time="2.487" errors="0" skipped="0" tests="63" name="TestSuite">
  <properties>
[...]
</properties>
  <testcase time="0.012" classname="com.salesforce.ddc.threelevelmemcache.CacheConfigurationCopUnitTestNG" name="testTheSame"/>
  <testcase time="0" classname="com.salesforce.ddc.threelevelmemcache.CacheConfigurationCopUnitTestNG" name="testTheSame"/>
  <testcase time="0" classname="com.salesforce.ddc.threelevelmemcache.CacheConfigurationCopUnitTestNG" name="testTheSame"/>
  <testcase time="0" classname="com.salesforce.ddc.threelevelmemcache.CacheConfigurationCopUnitTestNG" name="testTheSame"/>
  <testcase time="0" classname="com.salesforce.ddc.threelevelmemcache.CacheConfigurationCopUnitTestNG" name="testTheSame"/>
  <testcase time="0" classname="com.salesforce.ddc.threelevelmemcache.CacheConfigurationCopUnitTestNG" name="testTheSame"/>
  <testcase time="0" classname="com.salesforce.ddc.threelevelmemcache.CacheConfigurationCopUnitTestNG" name="testTheSame"/>
  <testcase time="0" classname="com.salesforce.ddc.threelevelmemcache.CacheConfigurationCopUnitTestNG" name="testTheSame"/>
  <testcase time="0" classname="com.salesforce.ddc.threelevelmemcache.CacheConfigurationCopUnitTestNG" name="testTheSame"/>
  <testcase time="0" classname="com.salesforce.ddc.threelevelmemcache.CacheConfigurationCopUnitTestNG" name="testTheSame"/>
  <testcase time="0" classname="com.salesforce.ddc.threelevelmemcache.CacheConfigurationCopUnitTestNG" name="testTheSame"/>
  <testcase time="0" classname="com.salesforce.ddc.threelevelmemcache.CacheConfigurationCopUnitTestNG" name="testTheSame"/>
  <testcase time="0" classname="com.salesforce.ddc.threelevelmemcache.CacheConfigurationCopUnitTestNG" name="testTheSame"/>
  <testcase time="0" classname="com.salesforce.ddc.threelevelmemcache.CacheConfigurationCopUnitTestNG" name="testTheSame"/>
  <testcase time="0.005" classname="com.salesforce.ddc.threelevelmemcache.CacheListenerAnnotationBeanFactoryUnitTestNG" name="testAll"/>
  <testcase time="0.134" classname="com.salesforce.ddc.threelevelmemcache.CloudCacheServiceUnitTestNG" name="testAdd"/>
  <testcase time="0.006" classname="com.salesforce.ddc.threelevelmemcache.CloudCacheServiceUnitTestNG" name="testAppend"/>
  <testcase time="0.012" classname="com.salesforce.ddc.threelevelmemcache.CloudCacheServiceUnitTestNG" name="testGet"/>
  <testcase time="0.014" classname="com.salesforce.ddc.threelevelmemcache.CloudCacheServiceUnitTestNG" name="testGetBatchAndProxy"/>
  <testcase time="0.001" classname="com.salesforce.ddc.threelevelmemcache.CloudCacheServiceUnitTestNG" name="testGetBatchWithCacheNotFound"/>
  <testcase time="0.004" classname="com.salesforce.ddc.threelevelmemcache.CloudCacheServiceUnitTestNG" name="testIncrDecr"/>
  <testcase time="0.004" classname="com.salesforce.ddc.threelevelmemcache.CloudCacheServiceUnitTestNG" name="testIncrDecrDefaultResponse"/>
  <testcase time="0.008" classname="com.salesforce.ddc.threelevelmemcache.CloudCacheServiceUnitTestNG" name="testIncrDecrWithExpirationFromPrimary"/>
  <testcase time="0.007" classname="com.salesforce.ddc.threelevelmemcache.CloudCacheServiceUnitTestNG" name="testIncrDecrWithExpirationFromSecondary"/>
  <testcase time="0.004" classname="com.salesforce.ddc.threelevelmemcache.CloudCacheServiceUnitTestNG" name="testIsConnected"/>
  <testcase time="0" classname="com.salesforce.ddc.threelevelmemcache.CloudCacheServiceUnitTestNG" name="testProxyList"/>
  <testcase time="0" classname="com.salesforce.ddc.threelevelmemcache.CloudCacheServiceUnitTestNG" name="testProxyListNPE"/>
  <testcase time="0.003" classname="com.salesforce.ddc.threelevelmemcache.CloudCacheServiceUnitTestNG" name="testPut"/>
  <testcase time="0.003" classname="com.salesforce.ddc.threelevelmemcache.CloudCacheServiceUnitTestNG" name="testPutBatch"/>
  <testcase time="0.002" classname="com.salesforce.ddc.threelevelmemcache.CloudCacheServiceUnitTestNG" name="testRemove"/>
  <testcase time="0.003" classname="com.salesforce.ddc.threelevelmemcache.CloudCacheServiceUnitTestNG" name="testRemoveBatch"/>
  <testcase time="0.001" classname="com.salesforce.ddc.threelevelmemcache.CloudCacheServiceUnitTestNG" name="testShutdown"/>
  <testcase time="0.001" classname="com.salesforce.ddc.threelevelmemcache.CloudCacheServiceUnitTestNG" name="testSize"/>
  <testcase time="0.003" classname="com.salesforce.ddc.threelevelmemcache.CloudCacheServiceUnitTestNG" name="testStats"/>
  <testcase time="0.002" classname="com.salesforce.ddc.threelevelmemcache.CloudCacheServiceUnitTestNG" name="testsetSynchronousPut"/>
  <testcase time="0.002" classname="com.salesforce.ddc.threelevelmemcache.FirstLevelCacheServiceUnitTestNG" name="testAppend"/>
  <testcase time="0.001" classname="com.salesforce.ddc.threelevelmemcache.FirstLevelCacheServiceUnitTestNG" name="testGet"/>
  <testcase time="0.001" classname="com.salesforce.ddc.threelevelmemcache.FirstLevelCacheServiceUnitTestNG" name="testGetBatch"/>
  <testcase time="0.001" classname="com.salesforce.ddc.threelevelmemcache.FirstLevelCacheServiceUnitTestNG" name="testIncrDecr"/>
  <testcase time="0.001" classname="com.salesforce.ddc.threelevelmemcache.FirstLevelCacheServiceUnitTestNG" name="testPut"/>
  <testcase time="0.002" classname="com.salesforce.ddc.threelevelmemcache.FirstLevelCacheServiceUnitTestNG" name="testPutBatch"/>
  <testcase time="0.001" classname="com.salesforce.ddc.threelevelmemcache.FirstLevelCacheServiceUnitTestNG" name="testPutIfAbsent"/>
  <testcase time="0.001" classname="com.salesforce.ddc.threelevelmemcache.FirstLevelCacheServiceUnitTestNG" name="testRemove"/>
  <testcase time="0.002" classname="com.salesforce.ddc.threelevelmemcache.FirstLevelCacheServiceUnitTestNG" name="testRemoveBatch"/>
  <testcase time="0" classname="com.salesforce.ddc.threelevelmemcache.FirstLevelCacheServiceUnitTestNG" name="testShutdown"/>
  <testcase time="0.001" classname="com.salesforce.ddc.threelevelmemcache.FirstLevelCacheServiceUnitTestNG" name="testStats"/>
  <testcase time="0.004" classname="com.salesforce.ddc.threelevelmemcache.FirstLevelCacheServiceUnitTestNG" name="testStrategy"/>
  <testcase time="0.048" classname="com.salesforce.ddc.threelevelmemcache.MemcachedCacheServiceUnitTestNG" name="testGetBulk"/>
  <testcase time="0.005" classname="com.salesforce.ddc.threelevelmemcache.MemcachedCacheServiceUnitTestNG" name="testIsConnected"/>
  <testcase time="0.002" classname="com.salesforce.ddc.threelevelmemcache.MemcachedCacheServiceUnitTestNG" name="testMemcachedException"/>
  <testcase time="0.013" classname="com.salesforce.ddc.threelevelmemcache.MemcachedCacheServiceUnitTestNG" name="testWaitForResponse"/>
  <testcase time="0.001" classname="com.salesforce.ddc.threelevelmemcache.MemcachedCacheServiceUnitTestNG" name="testWaitForResponseNoRetries"/>
  <testcase time="0.003" classname="com.salesforce.ddc.threelevelmemcache.MemcachedClientFactoryBeanUnitTestNG" name="testCouchbaseConnectionCreation"/>
  <testcase time="0.001" classname="com.salesforce.ddc.threelevelmemcache.MemcachedClientFactoryBeanUnitTestNG" name="testCouchbaseConnectionCreationWithMultipleURLS"/>
  <testcase time="0.016" classname="com.salesforce.ddc.threelevelmemcache.MemcachedClientFactoryBeanUnitTestNG" name="testEmptyConnectionCreation"/>
  <testcase time="0.029" classname="com.salesforce.ddc.threelevelmemcache.MemcachedClientFactoryBeanUnitTestNG" name="testPlainConnectionCreation"/>
  <testcase time="2.121" classname="com.salesforce.ddc.threelevelmemcache.MemcachedConnectionsRoundRobinPoolUnitTestNG" name="testRoundRobin"/>
  <testcase time="0" classname="com.salesforce.ddc.threelevelmemcache.NonCompressionTranscoderUnitTestNG" name="testAll"/>
  <testcase time="0.001" classname="com.salesforce.ddc.threelevelmemcache.exposed.SHAKeyUnitTestNG" name="testSHA"/>
  <testcase time="0" classname="com.salesforce.ddc.threelevelmemcache.strategy.AnnotationBasedStrategyUnitTestNG" name="testdoNotUseFirstLevelCache"/>
  <testcase time="0.001" classname="com.salesforce.ddc.threelevelmemcache.strategy.AnnotationBasedStrategyUnitTestNG" name="testdoNotUseFirstLevelCache"/>
  <testcase time="0" classname="com.salesforce.ddc.threelevelmemcache.strategy.AnnotationBasedStrategyUnitTestNG" name="testdoNotUseFirstLevelCache"/>
  <testcase time="0" classname="com.salesforce.ddc.threelevelmemcache.strategy.AnnotationBasedStrategyUnitTestNG" name="testdoNotUseFirstLevelCache"/>
</testsuite>