<?xml version="1.0" encoding="UTF-8"?>
<testng-results skipped="0" failed="0" total="1" passed="1">
  <reporter-output>
  </reporter-output>
  <suite name="Default suite" duration-ms="46" started-at="2014-06-16T02:11:17Z" finished-at="2014-06-16T02:11:17Z">
    <groups>
      <group name="unit">
        <method signature="SHAKeyUnitTestNG.testSHA()[pri:0, instance:com.salesforce.ddc.dc_cachecommon.exposed.SHAKeyUnitTestNG@462f4ae2]" name="testSHA" class="com.salesforce.ddc.dc_cachecommon.exposed.SHAKeyUnitTestNG"/>
      </group> <!-- unit -->
    </groups>
    <test name="Default test" duration-ms="46" started-at="2014-06-16T02:11:17Z" finished-at="2014-06-16T02:11:17Z">
      <class name="com.salesforce.ddc.dc_cachecommon.exposed.SHAKeyUnitTestNG">
        <test-method status="PASS" signature="testSHA()[pri:0, instance:com.salesforce.ddc.dc_cachecommon.exposed.SHAKeyUnitTestNG@462f4ae2]" name="testSHA" duration-ms="35" started-at="2014-06-15T19:11:17Z" finished-at="2014-06-15T19:11:17Z">
          <reporter-output>
          </reporter-output>
        </test-method> <!-- testSHA -->
      </class> <!-- com.salesforce.ddc.dc_cachecommon.exposed.SHAKeyUnitTestNG -->
    </test> <!-- Default test -->
  </suite> <!-- Default suite -->
</testng-results>
